<?xml version="1.0" encoding="UTF-8"?>
<!-- Generated by org.testng.reporters.JUnitReportReporter -->
<testsuite hostname="Comp" failures="0" tests="1" name="com.saucedemo.TestPack.TC0002_VreifyBagProductAddtoCartFunctionality" time="10.644" errors="0" timestamp="2023-03-16T09:23:37 IST" skipped="0">
  <testcase classname="com.saucedemo.TestPack.TC0002_VreifyBagProductAddtoCartFunctionality" name="verifyBagProAddtoCart" time="10.644"/>
  <system-out/>
</testsuite> <!-- com.saucedemo.TestPack.TC0002_VreifyBagProductAddtoCartFunctionality -->
