<?xml version="1.0" encoding="UTF-8"?>
<!-- Generated by org.testng.reporters.JUnitReportReporter -->
<testsuite hostname="Comp" failures="0" tests="1" name="com.saucedemo.TestPack.TC003_VerifyAllProAddtoCartFunctionality" time="7.766" errors="0" timestamp="2023-03-16T09:23:37 IST" skipped="0">
  <testcase classname="com.saucedemo.TestPack.TC003_VerifyAllProAddtoCartFunctionality" name="verifyAllProAddtoCart" time="7.766"/>
  <system-out/>
</testsuite> <!-- com.saucedemo.TestPack.TC003_VerifyAllProAddtoCartFunctionality -->
