<?xml version="1.0" encoding="UTF-8"?>
<!-- Generated by org.testng.reporters.JUnitReportReporter -->
<testsuite hostname="Comp" failures="0" tests="1" name="com.saucedemo.TestPack.TC004_VerifyLogoutFunctionality" time="7.848" errors="0" timestamp="2023-03-16T09:23:37 IST" skipped="0">
  <testcase classname="com.saucedemo.TestPack.TC004_VerifyLogoutFunctionality" name="verifyLogout" time="7.848"/>
  <system-out/>
</testsuite> <!-- com.saucedemo.TestPack.TC004_VerifyLogoutFunctionality -->
